\BOOKMARK [0][-]{chapter*.3}{List of Figures}{}% 1
\BOOKMARK [0][-]{chapter*.4}{List of Tables}{}% 2
\BOOKMARK [0][-]{chapter*.5}{Dedication}{}% 3
\BOOKMARK [0][-]{chapter*.6}{Acknowledgements}{}% 4
\BOOKMARK [0][-]{chapter*.7}{Declaration of Authorship}{}% 5
\BOOKMARK [0][-]{chapter.1}{Introduction}{}% 6
\BOOKMARK [1][-]{section.1.1}{Anatomy of an X-Ray Binary}{chapter.1}% 7
\BOOKMARK [2][-]{subsection.1.1.1}{Types of X-Ray Binaries: High and Low-Mass}{section.1.1}% 8
\BOOKMARK [2][-]{subsection.1.1.2}{Components of an X-Ray Binary}{section.1.1}% 9
\BOOKMARK [1][-]{section.1.2}{Low Mass X-Ray Binary Behaviour}{chapter.1}% 10
\BOOKMARK [1][-]{section.1.3}{Relativistic Effects}{chapter.1}% 11
\BOOKMARK [0][-]{chapter.2}{The Physics of Accretion}{}% 12
\BOOKMARK [1][-]{section.2.1}{The Eddington Limit}{chapter.2}% 13
\BOOKMARK [1][-]{section.2.2}{The Propeller Effect}{chapter.2}% 14
\BOOKMARK [1][-]{section.2.3}{The Shakura-Sunyaev Disk Model}{chapter.2}% 15
\BOOKMARK [2][-]{subsection.2.3.1}{The source of Turbulence}{section.2.3}% 16
\BOOKMARK [2][-]{subsection.2.3.2}{Disk Instabilities}{section.2.3}% 17
\BOOKMARK [1][-]{section.2.4}{GRS 1915+105 and IGR J17091-3624}{chapter.2}% 18
\BOOKMARK [2][-]{subsection.2.4.1}{A History of Models of GRS 1915-like Variability}{section.2.4}% 19
\BOOKMARK [1][-]{section.2.5}{Type II Burst Sources}{chapter.2}% 20
\BOOKMARK [2][-]{subsection.2.5.1}{A History of Models of Type II Bursts}{section.2.5}% 21
\BOOKMARK [0][-]{chapter.3}{Tools \046 Methods}{}% 22
\BOOKMARK [1][-]{section.3.1}{Instrumentation}{chapter.3}% 23
\BOOKMARK [2][-]{subsection.3.1.1}{The Rossi X-Ray Timing Experiment}{section.3.1}% 24
\BOOKMARK [2][-]{subsection.3.1.2}{The Neil Gehrels Swift Observatory}{section.3.1}% 25
\BOOKMARK [2][-]{subsection.3.1.3}{The X-Ray Multi-Mirror Mission}{section.3.1}% 26
\BOOKMARK [2][-]{subsection.3.1.4}{Chandra}{section.3.1}% 27
\BOOKMARK [2][-]{subsection.3.1.5}{Suzaku}{section.3.1}% 28
\BOOKMARK [2][-]{subsection.3.1.6}{NuSTAR}{section.3.1}% 29
\BOOKMARK [2][-]{subsection.3.1.7}{INTEGRAL}{section.3.1}% 30
\BOOKMARK [1][-]{section.3.2}{Methods \046 Techniques}{chapter.3}% 31
\BOOKMARK [2][-]{subsection.3.2.1}{Lightcurve Morphology}{section.3.2}% 32
\BOOKMARK [2][-]{subsection.3.2.2}{Timing Analysis}{section.3.2}% 33
\BOOKMARK [2][-]{subsection.3.2.3}{Energy Spectral Analysis}{section.3.2}% 34
\BOOKMARK [0][-]{chapter.4}{Variability in IGR J17091-3624: Classification}{}% 35
\BOOKMARK [1][-]{section.4.1}{Data and Data Analysis}{chapter.4}% 36
\BOOKMARK [2][-]{subsection.4.1.1}{RXTE}{section.4.1}% 37
\BOOKMARK [2][-]{subsection.4.1.2}{Swift}{section.4.1}% 38
\BOOKMARK [2][-]{subsection.4.1.3}{INTEGRAL}{section.4.1}% 39
\BOOKMARK [2][-]{subsection.4.1.4}{XMM-Newton}{section.4.1}% 40
\BOOKMARK [2][-]{subsection.4.1.5}{Chandra}{section.4.1}% 41
\BOOKMARK [2][-]{subsection.4.1.6}{Suzaku}{section.4.1}% 42
\BOOKMARK [1][-]{section.4.2}{Results}{chapter.4}% 43
\BOOKMARK [2][-]{subsection.4.2.1}{Outburst Evolution}{section.4.2}% 44
\BOOKMARK [2][-]{subsection.4.2.2}{RXTE}{section.4.2}% 45
\BOOKMARK [2][-]{subsection.4.2.3}{Swift}{section.4.2}% 46
\BOOKMARK [2][-]{subsection.4.2.4}{INTEGRAL}{section.4.2}% 47
\BOOKMARK [2][-]{subsection.4.2.5}{Chandra}{section.4.2}% 48
\BOOKMARK [2][-]{subsection.4.2.6}{XMM-Newton}{section.4.2}% 49
\BOOKMARK [2][-]{subsection.4.2.7}{Suzaku}{section.4.2}% 50
\BOOKMARK [1][-]{section.4.3}{Discussion}{chapter.4}% 51
\BOOKMARK [2][-]{subsection.4.3.1}{Variability Classes: IGR J17091 vs. GRS 1915}{section.4.3}% 52
\BOOKMARK [2][-]{subsection.4.3.2}{General Comparison with GRS 1915+105}{section.4.3}% 53
\BOOKMARK [2][-]{subsection.4.3.3}{Comparison with the Rapid Burster}{section.4.3}% 54
\BOOKMARK [2][-]{subsection.4.3.4}{Comparison with AltamiranoIGRFH}{section.4.3}% 55
\BOOKMARK [2][-]{subsection.4.3.5}{New Constraints on Accretion Rate, Mass \046 Distance}{section.4.3}% 56
\BOOKMARK [2][-]{subsection.4.3.6}{Implications for Models of `Heartbeat' Variability}{section.4.3}% 57
\BOOKMARK [1][-]{section.4.4}{Conclusions}{chapter.4}% 58
\BOOKMARK [0][-]{chapter.5}{The Evolution of X-ray Bursts in the ``Bursting Pulsar'' GRO J1744\20528}{}% 59
\BOOKMARK [1][-]{section.5.1}{Data and Data Analysis}{chapter.5}% 60
\BOOKMARK [2][-]{subsection.5.1.1}{RXTE}{section.5.1}% 61
\BOOKMARK [2][-]{subsection.5.1.2}{Swift}{section.5.1}% 62
\BOOKMARK [2][-]{subsection.5.1.3}{INTEGRAL}{section.5.1}% 63
\BOOKMARK [2][-]{subsection.5.1.4}{Chandra}{section.5.1}% 64
\BOOKMARK [2][-]{subsection.5.1.5}{XMM-Newton}{section.5.1}% 65
\BOOKMARK [2][-]{subsection.5.1.6}{Suzaku}{section.5.1}% 66
\BOOKMARK [2][-]{subsection.5.1.7}{NuSTAR}{section.5.1}% 67
\BOOKMARK [1][-]{section.5.2}{Results}{chapter.5}% 68
\BOOKMARK [2][-]{subsection.5.2.1}{Outburst Evolution}{section.5.2}% 69
\BOOKMARK [2][-]{subsection.5.2.2}{Categorizing Bursts}{section.5.2}% 70
\BOOKMARK [2][-]{subsection.5.2.3}{Normal Bursts}{section.5.2}% 71
\BOOKMARK [2][-]{subsection.5.2.4}{Minibursts}{section.5.2}% 72
\BOOKMARK [2][-]{subsection.5.2.5}{Mesobursts}{section.5.2}% 73
\BOOKMARK [2][-]{subsection.5.2.6}{Structured ``Bursts''}{section.5.2}% 74
\BOOKMARK [1][-]{section.5.3}{Discussion}{chapter.5}% 75
\BOOKMARK [2][-]{subsection.5.3.1}{Evolution of Outburst and Bursting Behaviour}{section.5.3}% 76
\BOOKMARK [2][-]{subsection.5.3.2}{Parameter Correlations}{section.5.3}% 77
\BOOKMARK [2][-]{subsection.5.3.3}{Comparison with Previous Studies}{section.5.3}% 78
\BOOKMARK [2][-]{subsection.5.3.4}{Comparison with other objects}{section.5.3}% 79
\BOOKMARK [2][-]{subsection.5.3.5}{Comparison with Models of Type II Bursts}{section.5.3}% 80
\BOOKMARK [1][-]{section.5.4}{Conclusions}{chapter.5}% 81
\BOOKMARK [0][-]{chapter.6}{The Bursting Pulsar GRO J1744-28: the Slowest Transitional Pulsar?}{}% 82
\BOOKMARK [1][-]{section.6.1}{Transitional Millisecond Pulsars}{chapter.6}% 83
\BOOKMARK [1][-]{section.6.2}{Comparison: TMSPs vs. the Bursting Pulsar}{chapter.6}% 84
\BOOKMARK [1][-]{section.6.3}{Discussion}{chapter.6}% 85
\BOOKMARK [2][-]{subsection.6.3.1}{Comparison with other Objects}{section.6.3}% 86
\BOOKMARK [1][-]{section.6.4}{Conclusion}{chapter.6}% 87
\BOOKMARK [0][-]{chapter.7}{Discussion}{}% 88
\BOOKMARK [1][-]{section.7.1}{Variability Evolution throughout an Ouburst}{chapter.7}% 89
\BOOKMARK [1][-]{section.7.2}{Criteria for Exotic Variability}{chapter.7}% 90
\BOOKMARK [1][-]{section.7.3}{Evidence of System Memory}{chapter.7}% 91
\BOOKMARK [1][-]{section.7.4}{IGR J17091 vs. the Bursting Pulsar: A Comparison}{chapter.7}% 92
\BOOKMARK [0][-]{chapter.8}{Conclusions}{}% 93
\BOOKMARK [0][-]{Appendix.a.A}{Model-Independent Classification of each Observation of IGR J17091-3624}{}% 94
\BOOKMARK [0][-]{Appendix.a.B}{List of RXTE Observations of the Bursting Pulsar}{}% 95
\BOOKMARK [0][-]{Appendix.a.C}{Normal Burst Histograms}{}% 96
\BOOKMARK [0][-]{Appendix.a.D}{Parameter Correlations in Normal Bursts}{}% 97
\BOOKMARK [0][-]{Appendix.a.E}{PANTHEON suite}{}% 98
\BOOKMARK [1][-]{section.a.E.1}{FITS Genie}{Appendix.a.E}% 99
\BOOKMARK [1][-]{section.a.E.2}{Plot Demon}{Appendix.a.E}% 100
\BOOKMARK [1][-]{section.a.E.3}{Spec Angel}{Appendix.a.E}% 101
\BOOKMARK [1][-]{section.a.E.4}{Back Hydra}{Appendix.a.E}% 102
\BOOKMARK [1][-]{section.a.E.5}{PAN Lib}{Appendix.a.E}% 103
\BOOKMARK [1][-]{section.a.E.6}{XTE-PAN Lib}{Appendix.a.E}% 104
\BOOKMARK [1][-]{section.a.E.7}{Mode Get}{Appendix.a.E}% 105
